<?xml version="1.0" encoding="UTF-8"?>
<!-- Generated by org.testng.reporters.JUnitReportReporter -->
<testsuite hostname="DESKTOP-44CB39I" failures="0" tests="1" name="QA_AccountManager_TestCases.SRpersonaldetials" time="20.746" errors="0" timestamp="2023-07-02T16:38:15 IST" skipped="0">
  <testcase classname="QA_AccountManager_TestCases.SRpersonaldetials" name="verifycompanydetails" time="20.746"/>
</testsuite> <!-- QA_AccountManager_TestCases.SRpersonaldetials -->
