<?xml version="1.0" encoding="UTF-8"?>
<!-- Generated by org.testng.reporters.JUnitReportReporter -->
<testsuite hostname="DESKTOP-44CB39I" failures="0" tests="1" name="QA_AccountManager_TestCases.SRcompanydetails_functional" time="24.196" errors="0" timestamp="2023-06-30T17:20:54 IST" skipped="0">
  <testcase classname="QA_AccountManager_TestCases.SRcompanydetails_functional" name="VerifyalltypeofCompanydetail_errors" time="24.196"/>
</testsuite> <!-- QA_AccountManager_TestCases.SRcompanydetails_functional -->
