<?xml version="1.0" encoding="UTF-8"?>
<!-- Generated by org.testng.reporters.JUnitReportReporter -->
<testsuite hostname="DESKTOP-44CB39I" failures="0" tests="1" name="QA_AccountManager_TestCases.SRcompanydetails_functional" time="43.229" errors="0" timestamp="2023-07-02T15:48:52 IST" skipped="0">
  <testcase classname="QA_AccountManager_TestCases.SRcompanydetails_functional" name="verifyalltypeofpopups" time="43.229"/>
</testsuite> <!-- QA_AccountManager_TestCases.SRcompanydetails_functional -->
