<?xml version="1.0" encoding="UTF-8"?>
<!-- Generated by org.testng.reporters.JUnitReportReporter -->
<testsuite hostname="DESKTOP-44CB39I" failures="0" tests="1" name="QA_AccountManager_TestCases.Imangecapture" time="28.509" errors="0" timestamp="2023-06-15T19:19:06 IST" skipped="0">
  <testcase classname="QA_AccountManager_TestCases.Imangecapture" name="test" time="28.509"/>
</testsuite> <!-- QA_AccountManager_TestCases.Imangecapture -->
