<?xml version="1.0" encoding="UTF-8"?>
<!-- Generated by org.testng.reporters.JUnitReportReporter -->
<testsuite hostname="DESKTOP-44CB39I" failures="0" tests="2" name="QA_AccountManager_TestCases.LoginTest" time="14.385" errors="0" timestamp="2023-06-06T18:29:31 IST" skipped="0">
  <testcase classname="QA_AccountManager_TestCases.LoginTest" name="loginpage" time="8.960"/>
  <system-out/>
  <testcase classname="QA_AccountManager_TestCases.LoginTest" name="UIloginpage" time="5.425"/>
  <system-out/>
</testsuite> <!-- QA_AccountManager_TestCases.LoginTest -->
