<?xml version="1.0" encoding="UTF-8"?>
<!-- Generated by org.testng.reporters.JUnitReportReporter -->
<testsuite hostname="DESKTOP-44CB39I" failures="0" tests="1" name="QA_AccountManager_TestCases.UIforgotpasswordpage" time="22.069" errors="0" timestamp="2023-06-06T18:29:31 IST" skipped="0">
  <testcase classname="QA_AccountManager_TestCases.UIforgotpasswordpage" name="verifyuiforgotpasswordpage" time="22.069"/>
  <system-out/>
</testsuite> <!-- QA_AccountManager_TestCases.UIforgotpasswordpage -->
