<?xml version="1.0" encoding="UTF-8"?>
<!-- Generated by org.testng.reporters.JUnitReportReporter -->
<testsuite hostname="DESKTOP-44CB39I" failures="0" tests="1" name="QA_AccountManager_TestCases.SRcompanydetials" time="156.141" errors="0" timestamp="2023-06-09T15:12:16 IST" skipped="0">
  <testcase classname="QA_AccountManager_TestCases.SRcompanydetials" name="verifycompanydetails" time="156.141"/>
  <system-out/>
</testsuite> <!-- QA_AccountManager_TestCases.SRcompanydetials -->
