<?xml version="1.0" encoding="UTF-8"?>
<!-- Generated by org.testng.reporters.JUnitReportReporter -->
<testsuite hostname="DESKTOP-44CB39I" failures="0" tests="2" name="QA_AccountManager_TestCases.Forgotpassword_functional" time="45.782" errors="0" timestamp="2023-06-06T18:29:31 IST" skipped="0">
  <testcase classname="QA_AccountManager_TestCases.Forgotpassword_functional" name="forgotpasspage" time="5.525"/>
  <system-out/>
  <testcase classname="QA_AccountManager_TestCases.Forgotpassword_functional" name="validate_toast" time="40.257"/>
  <system-out/>
</testsuite> <!-- QA_AccountManager_TestCases.Forgotpassword_functional -->
