<?xml version="1.0" encoding="UTF-8"?>
<!-- Generated by org.testng.reporters.JUnitReportReporter -->
<testsuite hostname="DESKTOP-44CB39I" failures="0" tests="6" name="QA_AccountManager_TestCases.LoginTest" time="95.318" errors="0" timestamp="2023-06-25T23:59:27 IST" skipped="0">
  <testcase classname="QA_AccountManager_TestCases.LoginTest" name="loginpage" time="3.891"/>
  <testcase classname="QA_AccountManager_TestCases.LoginTest" name="UIloginpage" time="5.821"/>
  <testcase classname="QA_AccountManager_TestCases.LoginTest" name="verifytoast_errors" time="64.899"/>
  <testcase classname="QA_AccountManager_TestCases.LoginTest" name="verifyvalidcredentials" time="10.881"/>
  <testcase classname="QA_AccountManager_TestCases.LoginTest" name="verifyInvalidpassword_error" time="6.216"/>
  <testcase classname="QA_AccountManager_TestCases.LoginTest" name="verifyMinandMax_error" time="3.610"/>
</testsuite> <!-- QA_AccountManager_TestCases.LoginTest -->
