<?xml version="1.0" encoding="UTF-8"?>
<!-- Generated by org.testng.reporters.JUnitReportReporter -->
<testsuite hostname="DESKTOP-44CB39I" failures="0" tests="1" name="QA_ACPartner_TestCases.UiDashboard" time="8.354" errors="0" timestamp="2023-06-14T15:29:47 IST" skipped="0">
  <testcase classname="QA_ACPartner_TestCases.UiDashboard" name="login" time="8.354"/>
  <system-out/>
</testsuite> <!-- QA_ACPartner_TestCases.UiDashboard -->
